<?xml version="1.0" encoding="UTF-8"?>
<testsuite xmlns:xsi="http://www.w3.org/2001/XMLSchema-instance" xsi:noNamespaceSchemaLocation="https://maven.apache.org/surefire/maven-surefire-plugin/xsd/surefire-test-report-3.0.xsd" version="3.0" name="runners.RunnerClass" time="79.999" tests="4" errors="0" skipped="0" failures="0">
  <properties>
    <property name="gopherProxySet" value="false"/>
    <property name="awt.toolkit" value="sun.lwawt.macosx.LWCToolkit"/>
    <property name="file.encoding.pkg" value="sun.io"/>
    <property name="java.specification.version" value="1.8"/>
    <property name="sun.cpu.isalist" value=""/>
    <property name="sun.jnu.encoding" value="UTF-8"/>
    <property name="java.class.path" value="/Users/cshalevska/Library/Mobile Documents/com~apple~CloudDocs/l/CucumberFrameworkBatch12/target/test-classes:/Users/cshalevska/Library/Mobile Documents/com~apple~CloudDocs/l/CucumberFrameworkBatch12/target/classes:/Users/cshalevska/.m2/repository/org/seleniumhq/selenium/selenium-java/3.141.59/selenium-java-3.141.59.jar:/Users/cshalevska/.m2/repository/org/seleniumhq/selenium/selenium-api/3.141.59/selenium-api-3.141.59.jar:/Users/cshalevska/.m2/repository/org/seleniumhq/selenium/selenium-chrome-driver/3.141.59/selenium-chrome-driver-3.141.59.jar:/Users/cshalevska/.m2/repository/org/seleniumhq/selenium/selenium-edge-driver/3.141.59/selenium-edge-driver-3.141.59.jar:/Users/cshalevska/.m2/repository/org/seleniumhq/selenium/selenium-firefox-driver/3.141.59/selenium-firefox-driver-3.141.59.jar:/Users/cshalevska/.m2/repository/org/seleniumhq/selenium/selenium-ie-driver/3.141.59/selenium-ie-driver-3.141.59.jar:/Users/cshalevska/.m2/repository/org/seleniumhq/selenium/selenium-opera-driver/3.141.59/selenium-opera-driver-3.141.59.jar:/Users/cshalevska/.m2/repository/org/seleniumhq/selenium/selenium-remote-driver/3.141.59/selenium-remote-driver-3.141.59.jar:/Users/cshalevska/.m2/repository/org/seleniumhq/selenium/selenium-safari-driver/3.141.59/selenium-safari-driver-3.141.59.jar:/Users/cshalevska/.m2/repository/org/seleniumhq/selenium/selenium-support/3.141.59/selenium-support-3.141.59.jar:/Users/cshalevska/.m2/repository/net/bytebuddy/byte-buddy/1.8.15/byte-buddy-1.8.15.jar:/Users/cshalevska/.m2/repository/org/apache/commons/commons-exec/1.3/commons-exec-1.3.jar:/Users/cshalevska/.m2/repository/com/google/guava/guava/25.0-jre/guava-25.0-jre.jar:/Users/cshalevska/.m2/repository/com/google/code/findbugs/jsr305/1.3.9/jsr305-1.3.9.jar:/Users/cshalevska/.m2/repository/org/checkerframework/checker-compat-qual/2.0.0/checker-compat-qual-2.0.0.jar:/Users/cshalevska/.m2/repository/com/google/errorprone/error_prone_annotations/2.1.3/error_prone_annotations-2.1.3.jar:/Users/cshalevska/.m2/repository/com/google/j2objc/j2objc-annotations/1.1/j2objc-annotations-1.1.jar:/Users/cshalevska/.m2/repository/org/codehaus/mojo/animal-sniffer-annotations/1.14/animal-sniffer-annotations-1.14.jar:/Users/cshalevska/.m2/repository/com/squareup/okhttp3/okhttp/3.11.0/okhttp-3.11.0.jar:/Users/cshalevska/.m2/repository/com/squareup/okio/okio/1.14.0/okio-1.14.0.jar:/Users/cshalevska/.m2/repository/io/cucumber/cucumber-java/6.9.1/cucumber-java-6.9.1.jar:/Users/cshalevska/.m2/repository/io/cucumber/cucumber-core/6.9.1/cucumber-core-6.9.1.jar:/Users/cshalevska/.m2/repository/io/cucumber/cucumber-gherkin/6.9.1/cucumber-gherkin-6.9.1.jar:/Users/cshalevska/.m2/repository/io/cucumber/cucumber-gherkin-messages/6.9.1/cucumber-gherkin-messages-6.9.1.jar:/Users/cshalevska/.m2/repository/io/cucumber/messages/13.2.1/messages-13.2.1.jar:/Users/cshalevska/.m2/repository/io/cucumber/tag-expressions/3.0.0/tag-expressions-3.0.0.jar:/Users/cshalevska/.m2/repository/io/cucumber/cucumber-expressions/10.3.0/cucumber-expressions-10.3.0.jar:/Users/cshalevska/.m2/repository/io/cucumber/datatable/3.5.0/datatable-3.5.0.jar:/Users/cshalevska/.m2/repository/io/cucumber/cucumber-plugin/6.9.1/cucumber-plugin-6.9.1.jar:/Users/cshalevska/.m2/repository/io/cucumber/docstring/6.9.1/docstring-6.9.1.jar:/Users/cshalevska/.m2/repository/io/cucumber/html-formatter/9.0.0/html-formatter-9.0.0.jar:/Users/cshalevska/.m2/repository/io/cucumber/create-meta/2.0.4/create-meta-2.0.4.jar:/Users/cshalevska/.m2/repository/org/apiguardian/apiguardian-api/1.1.0/apiguardian-api-1.1.0.jar:/Users/cshalevska/.m2/repository/io/cucumber/cucumber-junit/6.9.1/cucumber-junit-6.9.1.jar:/Users/cshalevska/.m2/repository/junit/junit/4.13.1/junit-4.13.1.jar:/Users/cshalevska/.m2/repository/org/hamcrest/hamcrest-core/1.3/hamcrest-core-1.3.jar:/Users/cshalevska/.m2/repository/io/github/bonigarcia/webdrivermanager/5.1.0/webdrivermanager-5.1.0.jar:/Users/cshalevska/.m2/repository/org/slf4j/slf4j-api/1.7.36/slf4j-api-1.7.36.jar:/Users/cshalevska/.m2/repository/com/google/code/gson/gson/2.9.0/gson-2.9.0.jar:/Users/cshalevska/.m2/repository/com/github/docker-java/docker-java/3.2.13/docker-java-3.2.13.jar:/Users/cshalevska/.m2/repository/com/github/docker-java/docker-java-core/3.2.13/docker-java-core-3.2.13.jar:/Users/cshalevska/.m2/repository/com/github/docker-java/docker-java-api/3.2.13/docker-java-api-3.2.13.jar:/Users/cshalevska/.m2/repository/com/fasterxml/jackson/core/jackson-annotations/2.10.3/jackson-annotations-2.10.3.jar:/Users/cshalevska/.m2/repository/com/fasterxml/jackson/core/jackson-databind/2.10.3/jackson-databind-2.10.3.jar:/Users/cshalevska/.m2/repository/com/fasterxml/jackson/core/jackson-core/2.10.3/jackson-core-2.10.3.jar:/Users/cshalevska/.m2/repository/org/bouncycastle/bcpkix-jdk15on/1.64/bcpkix-jdk15on-1.64.jar:/Users/cshalevska/.m2/repository/org/bouncycastle/bcprov-jdk15on/1.64/bcprov-jdk15on-1.64.jar:/Users/cshalevska/.m2/repository/org/slf4j/jcl-over-slf4j/1.7.30/jcl-over-slf4j-1.7.30.jar:/Users/cshalevska/.m2/repository/com/github/docker-java/docker-java-transport-httpclient5/3.2.13/docker-java-transport-httpclient5-3.2.13.jar:/Users/cshalevska/.m2/repository/com/github/docker-java/docker-java-transport/3.2.13/docker-java-transport-3.2.13.jar:/Users/cshalevska/.m2/repository/org/apache/httpcomponents/client5/httpclient5/5.0.3/httpclient5-5.0.3.jar:/Users/cshalevska/.m2/repository/org/apache/httpcomponents/core5/httpcore5/5.0.2/httpcore5-5.0.2.jar:/Users/cshalevska/.m2/repository/net/java/dev/jna/jna/5.8.0/jna-5.8.0.jar:/Users/cshalevska/.m2/repository/org/brotli/dec/0.1.2/dec-0.1.2.jar:/Users/cshalevska/.m2/repository/org/apache/commons/commons-lang3/3.12.0/commons-lang3-3.12.0.jar:/Users/cshalevska/.m2/repository/org/apache/poi/poi-ooxml/4.1.2/poi-ooxml-4.1.2.jar:/Users/cshalevska/.m2/repository/org/apache/poi/poi/4.1.2/poi-4.1.2.jar:/Users/cshalevska/.m2/repository/commons-codec/commons-codec/1.13/commons-codec-1.13.jar:/Users/cshalevska/.m2/repository/org/apache/commons/commons-collections4/4.4/commons-collections4-4.4.jar:/Users/cshalevska/.m2/repository/org/apache/commons/commons-math3/3.6.1/commons-math3-3.6.1.jar:/Users/cshalevska/.m2/repository/com/zaxxer/SparseBitSet/1.2/SparseBitSet-1.2.jar:/Users/cshalevska/.m2/repository/org/apache/poi/poi-ooxml-schemas/4.1.2/poi-ooxml-schemas-4.1.2.jar:/Users/cshalevska/.m2/repository/org/apache/xmlbeans/xmlbeans/3.1.0/xmlbeans-3.1.0.jar:/Users/cshalevska/.m2/repository/org/apache/commons/commons-compress/1.19/commons-compress-1.19.jar:/Users/cshalevska/.m2/repository/com/github/virtuald/curvesapi/1.06/curvesapi-1.06.jar:/Users/cshalevska/.m2/repository/commons-io/commons-io/2.8.0/commons-io-2.8.0.jar:/Users/cshalevska/.m2/repository/io/rest-assured/rest-assured/4.5.1/rest-assured-4.5.1.jar:/Users/cshalevska/.m2/repository/org/codehaus/groovy/groovy/3.0.9/groovy-3.0.9.jar:/Users/cshalevska/.m2/repository/org/codehaus/groovy/groovy-xml/3.0.9/groovy-xml-3.0.9.jar:/Users/cshalevska/.m2/repository/org/apache/httpcomponents/httpclient/4.5.13/httpclient-4.5.13.jar:/Users/cshalevska/.m2/repository/org/apache/httpcomponents/httpcore/4.4.13/httpcore-4.4.13.jar:/Users/cshalevska/.m2/repository/commons-logging/commons-logging/1.2/commons-logging-1.2.jar:/Users/cshalevska/.m2/repository/org/apache/httpcomponents/httpmime/4.5.13/httpmime-4.5.13.jar:/Users/cshalevska/.m2/repository/org/hamcrest/hamcrest/2.1/hamcrest-2.1.jar:/Users/cshalevska/.m2/repository/org/ccil/cowan/tagsoup/tagsoup/1.2.1/tagsoup-1.2.1.jar:/Users/cshalevska/.m2/repository/io/rest-assured/json-path/4.5.1/json-path-4.5.1.jar:/Users/cshalevska/.m2/repository/org/codehaus/groovy/groovy-json/3.0.9/groovy-json-3.0.9.jar:/Users/cshalevska/.m2/repository/io/rest-assured/rest-assured-common/4.5.1/rest-assured-common-4.5.1.jar:/Users/cshalevska/.m2/repository/io/rest-assured/xml-path/4.5.1/xml-path-4.5.1.jar:/Users/cshalevska/.m2/repository/org/json/json/20180813/json-20180813.jar:"/>
    <property name="java.vm.vendor" value="Oracle Corporation"/>
    <property name="sun.arch.data.model" value="64"/>
    <property name="java.vendor.url" value="http://java.oracle.com/"/>
    <property name="user.timezone" value=""/>
    <property name="java.vm.specification.version" value="1.8"/>
    <property name="os.name" value="Mac OS X"/>
    <property name="user.country" value="US"/>
    <property name="sun.java.launcher" value="SUN_STANDARD"/>
    <property name="sun.boot.library.path" value="/Library/Java/JavaVirtualMachines/jdk1.8.0_311.jdk/Contents/Home/jre/lib"/>
    <property name="sun.java.command" value="/Users/cshalevska/Library/Mobile Documents/com~apple~CloudDocs/l/CucumberFrameworkBatch12/target/surefire/surefirebooter2384528135070932741.jar /Users/cshalevska/Library/Mobile Documents/com~apple~CloudDocs/l/CucumberFrameworkBatch12/target/surefire 2022-06-14T21-02-39_377-jvmRun1 surefire4100348717171379148tmp surefire_04198148969913642364tmp"/>
    <property name="http.nonProxyHosts" value="local|*.local|169.254/16|*.169.254/16"/>
    <property name="surefire.test.class.path" value="/Users/cshalevska/Library/Mobile Documents/com~apple~CloudDocs/l/CucumberFrameworkBatch12/target/test-classes:/Users/cshalevska/Library/Mobile Documents/com~apple~CloudDocs/l/CucumberFrameworkBatch12/target/classes:/Users/cshalevska/.m2/repository/org/seleniumhq/selenium/selenium-java/3.141.59/selenium-java-3.141.59.jar:/Users/cshalevska/.m2/repository/org/seleniumhq/selenium/selenium-api/3.141.59/selenium-api-3.141.59.jar:/Users/cshalevska/.m2/repository/org/seleniumhq/selenium/selenium-chrome-driver/3.141.59/selenium-chrome-driver-3.141.59.jar:/Users/cshalevska/.m2/repository/org/seleniumhq/selenium/selenium-edge-driver/3.141.59/selenium-edge-driver-3.141.59.jar:/Users/cshalevska/.m2/repository/org/seleniumhq/selenium/selenium-firefox-driver/3.141.59/selenium-firefox-driver-3.141.59.jar:/Users/cshalevska/.m2/repository/org/seleniumhq/selenium/selenium-ie-driver/3.141.59/selenium-ie-driver-3.141.59.jar:/Users/cshalevska/.m2/repository/org/seleniumhq/selenium/selenium-opera-driver/3.141.59/selenium-opera-driver-3.141.59.jar:/Users/cshalevska/.m2/repository/org/seleniumhq/selenium/selenium-remote-driver/3.141.59/selenium-remote-driver-3.141.59.jar:/Users/cshalevska/.m2/repository/org/seleniumhq/selenium/selenium-safari-driver/3.141.59/selenium-safari-driver-3.141.59.jar:/Users/cshalevska/.m2/repository/org/seleniumhq/selenium/selenium-support/3.141.59/selenium-support-3.141.59.jar:/Users/cshalevska/.m2/repository/net/bytebuddy/byte-buddy/1.8.15/byte-buddy-1.8.15.jar:/Users/cshalevska/.m2/repository/org/apache/commons/commons-exec/1.3/commons-exec-1.3.jar:/Users/cshalevska/.m2/repository/com/google/guava/guava/25.0-jre/guava-25.0-jre.jar:/Users/cshalevska/.m2/repository/com/google/code/findbugs/jsr305/1.3.9/jsr305-1.3.9.jar:/Users/cshalevska/.m2/repository/org/checkerframework/checker-compat-qual/2.0.0/checker-compat-qual-2.0.0.jar:/Users/cshalevska/.m2/repository/com/google/errorprone/error_prone_annotations/2.1.3/error_prone_annotations-2.1.3.jar:/Users/cshalevska/.m2/repository/com/google/j2objc/j2objc-annotations/1.1/j2objc-annotations-1.1.jar:/Users/cshalevska/.m2/repository/org/codehaus/mojo/animal-sniffer-annotations/1.14/animal-sniffer-annotations-1.14.jar:/Users/cshalevska/.m2/repository/com/squareup/okhttp3/okhttp/3.11.0/okhttp-3.11.0.jar:/Users/cshalevska/.m2/repository/com/squareup/okio/okio/1.14.0/okio-1.14.0.jar:/Users/cshalevska/.m2/repository/io/cucumber/cucumber-java/6.9.1/cucumber-java-6.9.1.jar:/Users/cshalevska/.m2/repository/io/cucumber/cucumber-core/6.9.1/cucumber-core-6.9.1.jar:/Users/cshalevska/.m2/repository/io/cucumber/cucumber-gherkin/6.9.1/cucumber-gherkin-6.9.1.jar:/Users/cshalevska/.m2/repository/io/cucumber/cucumber-gherkin-messages/6.9.1/cucumber-gherkin-messages-6.9.1.jar:/Users/cshalevska/.m2/repository/io/cucumber/messages/13.2.1/messages-13.2.1.jar:/Users/cshalevska/.m2/repository/io/cucumber/tag-expressions/3.0.0/tag-expressions-3.0.0.jar:/Users/cshalevska/.m2/repository/io/cucumber/cucumber-expressions/10.3.0/cucumber-expressions-10.3.0.jar:/Users/cshalevska/.m2/repository/io/cucumber/datatable/3.5.0/datatable-3.5.0.jar:/Users/cshalevska/.m2/repository/io/cucumber/cucumber-plugin/6.9.1/cucumber-plugin-6.9.1.jar:/Users/cshalevska/.m2/repository/io/cucumber/docstring/6.9.1/docstring-6.9.1.jar:/Users/cshalevska/.m2/repository/io/cucumber/html-formatter/9.0.0/html-formatter-9.0.0.jar:/Users/cshalevska/.m2/repository/io/cucumber/create-meta/2.0.4/create-meta-2.0.4.jar:/Users/cshalevska/.m2/repository/org/apiguardian/apiguardian-api/1.1.0/apiguardian-api-1.1.0.jar:/Users/cshalevska/.m2/repository/io/cucumber/cucumber-junit/6.9.1/cucumber-junit-6.9.1.jar:/Users/cshalevska/.m2/repository/junit/junit/4.13.1/junit-4.13.1.jar:/Users/cshalevska/.m2/repository/org/hamcrest/hamcrest-core/1.3/hamcrest-core-1.3.jar:/Users/cshalevska/.m2/repository/io/github/bonigarcia/webdrivermanager/5.1.0/webdrivermanager-5.1.0.jar:/Users/cshalevska/.m2/repository/org/slf4j/slf4j-api/1.7.36/slf4j-api-1.7.36.jar:/Users/cshalevska/.m2/repository/com/google/code/gson/gson/2.9.0/gson-2.9.0.jar:/Users/cshalevska/.m2/repository/com/github/docker-java/docker-java/3.2.13/docker-java-3.2.13.jar:/Users/cshalevska/.m2/repository/com/github/docker-java/docker-java-core/3.2.13/docker-java-core-3.2.13.jar:/Users/cshalevska/.m2/repository/com/github/docker-java/docker-java-api/3.2.13/docker-java-api-3.2.13.jar:/Users/cshalevska/.m2/repository/com/fasterxml/jackson/core/jackson-annotations/2.10.3/jackson-annotations-2.10.3.jar:/Users/cshalevska/.m2/repository/com/fasterxml/jackson/core/jackson-databind/2.10.3/jackson-databind-2.10.3.jar:/Users/cshalevska/.m2/repository/com/fasterxml/jackson/core/jackson-core/2.10.3/jackson-core-2.10.3.jar:/Users/cshalevska/.m2/repository/org/bouncycastle/bcpkix-jdk15on/1.64/bcpkix-jdk15on-1.64.jar:/Users/cshalevska/.m2/repository/org/bouncycastle/bcprov-jdk15on/1.64/bcprov-jdk15on-1.64.jar:/Users/cshalevska/.m2/repository/org/slf4j/jcl-over-slf4j/1.7.30/jcl-over-slf4j-1.7.30.jar:/Users/cshalevska/.m2/repository/com/github/docker-java/docker-java-transport-httpclient5/3.2.13/docker-java-transport-httpclient5-3.2.13.jar:/Users/cshalevska/.m2/repository/com/github/docker-java/docker-java-transport/3.2.13/docker-java-transport-3.2.13.jar:/Users/cshalevska/.m2/repository/org/apache/httpcomponents/client5/httpclient5/5.0.3/httpclient5-5.0.3.jar:/Users/cshalevska/.m2/repository/org/apache/httpcomponents/core5/httpcore5/5.0.2/httpcore5-5.0.2.jar:/Users/cshalevska/.m2/repository/net/java/dev/jna/jna/5.8.0/jna-5.8.0.jar:/Users/cshalevska/.m2/repository/org/brotli/dec/0.1.2/dec-0.1.2.jar:/Users/cshalevska/.m2/repository/org/apache/commons/commons-lang3/3.12.0/commons-lang3-3.12.0.jar:/Users/cshalevska/.m2/repository/org/apache/poi/poi-ooxml/4.1.2/poi-ooxml-4.1.2.jar:/Users/cshalevska/.m2/repository/org/apache/poi/poi/4.1.2/poi-4.1.2.jar:/Users/cshalevska/.m2/repository/commons-codec/commons-codec/1.13/commons-codec-1.13.jar:/Users/cshalevska/.m2/repository/org/apache/commons/commons-collections4/4.4/commons-collections4-4.4.jar:/Users/cshalevska/.m2/repository/org/apache/commons/commons-math3/3.6.1/commons-math3-3.6.1.jar:/Users/cshalevska/.m2/repository/com/zaxxer/SparseBitSet/1.2/SparseBitSet-1.2.jar:/Users/cshalevska/.m2/repository/org/apache/poi/poi-ooxml-schemas/4.1.2/poi-ooxml-schemas-4.1.2.jar:/Users/cshalevska/.m2/repository/org/apache/xmlbeans/xmlbeans/3.1.0/xmlbeans-3.1.0.jar:/Users/cshalevska/.m2/repository/org/apache/commons/commons-compress/1.19/commons-compress-1.19.jar:/Users/cshalevska/.m2/repository/com/github/virtuald/curvesapi/1.06/curvesapi-1.06.jar:/Users/cshalevska/.m2/repository/commons-io/commons-io/2.8.0/commons-io-2.8.0.jar:/Users/cshalevska/.m2/repository/io/rest-assured/rest-assured/4.5.1/rest-assured-4.5.1.jar:/Users/cshalevska/.m2/repository/org/codehaus/groovy/groovy/3.0.9/groovy-3.0.9.jar:/Users/cshalevska/.m2/repository/org/codehaus/groovy/groovy-xml/3.0.9/groovy-xml-3.0.9.jar:/Users/cshalevska/.m2/repository/org/apache/httpcomponents/httpclient/4.5.13/httpclient-4.5.13.jar:/Users/cshalevska/.m2/repository/org/apache/httpcomponents/httpcore/4.4.13/httpcore-4.4.13.jar:/Users/cshalevska/.m2/repository/commons-logging/commons-logging/1.2/commons-logging-1.2.jar:/Users/cshalevska/.m2/repository/org/apache/httpcomponents/httpmime/4.5.13/httpmime-4.5.13.jar:/Users/cshalevska/.m2/repository/org/hamcrest/hamcrest/2.1/hamcrest-2.1.jar:/Users/cshalevska/.m2/repository/org/ccil/cowan/tagsoup/tagsoup/1.2.1/tagsoup-1.2.1.jar:/Users/cshalevska/.m2/repository/io/rest-assured/json-path/4.5.1/json-path-4.5.1.jar:/Users/cshalevska/.m2/repository/org/codehaus/groovy/groovy-json/3.0.9/groovy-json-3.0.9.jar:/Users/cshalevska/.m2/repository/io/rest-assured/rest-assured-common/4.5.1/rest-assured-common-4.5.1.jar:/Users/cshalevska/.m2/repository/io/rest-assured/xml-path/4.5.1/xml-path-4.5.1.jar:/Users/cshalevska/.m2/repository/org/json/json/20180813/json-20180813.jar:"/>
    <property name="sun.cpu.endian" value="little"/>
    <property name="user.home" value="/Users/cshalevska"/>
    <property name="user.language" value="en"/>
    <property name="java.specification.vendor" value="Oracle Corporation"/>
    <property name="java.home" value="/Library/Java/JavaVirtualMachines/jdk1.8.0_311.jdk/Contents/Home/jre"/>
    <property name="basedir" value="/Users/cshalevska/Library/Mobile Documents/com~apple~CloudDocs/l/CucumberFrameworkBatch12"/>
    <property name="file.separator" value="/"/>
    <property name="line.separator" value="&#10;"/>
    <property name="java.vm.specification.vendor" value="Oracle Corporation"/>
    <property name="java.specification.name" value="Java Platform API Specification"/>
    <property name="java.awt.graphicsenv" value="sun.awt.CGraphicsEnvironment"/>
    <property name="surefire.real.class.path" value="/Users/cshalevska/Library/Mobile Documents/com~apple~CloudDocs/l/CucumberFrameworkBatch12/target/surefire/surefirebooter2384528135070932741.jar"/>
    <property name="sun.boot.class.path" value="/Library/Java/JavaVirtualMachines/jdk1.8.0_311.jdk/Contents/Home/jre/lib/resources.jar:/Library/Java/JavaVirtualMachines/jdk1.8.0_311.jdk/Contents/Home/jre/lib/rt.jar:/Library/Java/JavaVirtualMachines/jdk1.8.0_311.jdk/Contents/Home/jre/lib/sunrsasign.jar:/Library/Java/JavaVirtualMachines/jdk1.8.0_311.jdk/Contents/Home/jre/lib/jsse.jar:/Library/Java/JavaVirtualMachines/jdk1.8.0_311.jdk/Contents/Home/jre/lib/jce.jar:/Library/Java/JavaVirtualMachines/jdk1.8.0_311.jdk/Contents/Home/jre/lib/charsets.jar:/Library/Java/JavaVirtualMachines/jdk1.8.0_311.jdk/Contents/Home/jre/lib/jfr.jar:/Library/Java/JavaVirtualMachines/jdk1.8.0_311.jdk/Contents/Home/jre/classes"/>
    <property name="sun.management.compiler" value="HotSpot 64-Bit Tiered Compilers"/>
    <property name="ftp.nonProxyHosts" value="local|*.local|169.254/16|*.169.254/16"/>
    <property name="java.runtime.version" value="1.8.0_311-b11"/>
    <property name="user.name" value="cshalevska"/>
    <property name="path.separator" value=":"/>
    <property name="os.version" value="10.16"/>
    <property name="java.endorsed.dirs" value="/Library/Java/JavaVirtualMachines/jdk1.8.0_311.jdk/Contents/Home/jre/lib/endorsed"/>
    <property name="java.runtime.name" value="Java(TM) SE Runtime Environment"/>
    <property name="file.encoding" value="UTF-8"/>
    <property name="java.vm.name" value="Java HotSpot(TM) 64-Bit Server VM"/>
    <property name="localRepository" value="/Users/cshalevska/.m2/repository"/>
    <property name="java.vendor.url.bug" value="http://bugreport.sun.com/bugreport/"/>
    <property name="java.io.tmpdir" value="/var/folders/3t/y0zwzntj1c37pkydvgqvd8f00000gn/T/"/>
    <property name="idea.version" value="2021.3.2"/>
    <property name="java.version" value="1.8.0_311"/>
    <property name="user.dir" value="/Users/cshalevska/Library/Mobile Documents/com~apple~CloudDocs/l/CucumberFrameworkBatch12"/>
    <property name="os.arch" value="x86_64"/>
    <property name="java.vm.specification.name" value="Java Virtual Machine Specification"/>
    <property name="java.awt.printerjob" value="sun.lwawt.macosx.CPrinterJob"/>
    <property name="sun.os.patch.level" value="unknown"/>
    <property name="java.library.path" value="/Users/cshalevska/Library/Java/Extensions:/Library/Java/Extensions:/Network/Library/Java/Extensions:/System/Library/Java/Extensions:/usr/lib/java:."/>
    <property name="java.vm.info" value="mixed mode"/>
    <property name="java.vendor" value="Oracle Corporation"/>
    <property name="java.vm.version" value="25.311-b11"/>
    <property name="java.ext.dirs" value="/Users/cshalevska/Library/Java/Extensions:/Library/Java/JavaVirtualMachines/jdk1.8.0_311.jdk/Contents/Home/jre/lib/ext:/Library/Java/Extensions:/Network/Library/Java/Extensions:/System/Library/Java/Extensions:/usr/lib/java"/>
    <property name="sun.io.unicode.encoding" value="UnicodeBig"/>
    <property name="java.class.version" value="52.0"/>
    <property name="socksNonProxyHosts" value="local|*.local|169.254/16|*.169.254/16"/>
  </properties>
  <testcase name="Adding multiple employees #1" classname="Adding the employees in HRMS Application" time="37.775">
    <system-out><![CDATA[
@123 @test123
Scenario Outline: Adding multiple employees # src/test/resources/features/AddEmployee.feature:30
  When user enters valid admin credentials  # steps.EmployeeSearchSteps.user_enters_valid_admin_credentials()
  And user clicks on login button           # steps.EmployeeSearchSteps.user_clicks_on_login_button()
  Then admin user is successfully logged in # steps.LoginSteps.admin_user_is_successfully_logged_in()
  When user clicks on PIM option            # steps.AddEmployeeSteps.user_clicks_on_pim_option()
  And user clicks on add employee option    # steps.AddEmployeeSteps.user_clicks_on_add_employee_option()
  And user provides "asel" "MS" and "tolga" # steps.AddEmployeeSteps.user_provides_and(java.lang.String,java.lang.String,java.lang.String)
  And user clicks on save button            # steps.AddEmployeeSteps.user_clicks_on_save_button()
Employee added
  Then employee added successfully          # steps.AddEmployeeSteps.employee_added_successfully()

    Embedding Adding multiple employees [image/png 315474 bytes]

]]></system-out>
    <system-err><![CDATA[SLF4J: Failed to load class "org.slf4j.impl.StaticLoggerBinder".
SLF4J: Defaulting to no-operation (NOP) logger implementation
SLF4J: See http://www.slf4j.org/codes.html#StaticLoggerBinder for further details.
Starting ChromeDriver 102.0.5005.61 (0e59bcc00cc4985ce39ad31c150065f159d95ad3-refs/branch-heads/5005@{#819}) on port 17327
Only local connections are allowed.
Please see https://chromedriver.chromium.org/security-considerations for suggestions on keeping ChromeDriver safe.
ChromeDriver was started successfully.
Jun 14, 2022 9:03:04 PM org.openqa.selenium.remote.ProtocolHandshake createSession
INFO: Detected dialect: W3C
]]></system-err>
  </testcase>
  <testcase name="Adding multiple employees #2" classname="Adding the employees in HRMS Application" time="15.57">
    <system-out><![CDATA[
@123 @test123
Scenario Outline: Adding multiple employees    # src/test/resources/features/AddEmployee.feature:31
  When user enters valid admin credentials     # steps.EmployeeSearchSteps.user_enters_valid_admin_credentials()
  And user clicks on login button              # steps.EmployeeSearchSteps.user_clicks_on_login_button()
  Then admin user is successfully logged in    # steps.LoginSteps.admin_user_is_successfully_logged_in()
  When user clicks on PIM option               # steps.AddEmployeeSteps.user_clicks_on_pim_option()
  And user clicks on add employee option       # steps.AddEmployeeSteps.user_clicks_on_add_employee_option()
  And user provides "yazgul" "MS" and "kishan" # steps.AddEmployeeSteps.user_provides_and(java.lang.String,java.lang.String,java.lang.String)
  And user clicks on save button               # steps.AddEmployeeSteps.user_clicks_on_save_button()
Employee added
  Then employee added successfully             # steps.AddEmployeeSteps.employee_added_successfully()

    Embedding Adding multiple employees [image/png 318944 bytes]

]]></system-out>
    <system-err><![CDATA[Starting ChromeDriver 102.0.5005.61 (0e59bcc00cc4985ce39ad31c150065f159d95ad3-refs/branch-heads/5005@{#819}) on port 12128
Only local connections are allowed.
Please see https://chromedriver.chromium.org/security-considerations for suggestions on keeping ChromeDriver safe.
ChromeDriver was started successfully.
Jun 14, 2022 9:03:20 PM org.openqa.selenium.remote.ProtocolHandshake createSession
INFO: Detected dialect: W3C
]]></system-err>
  </testcase>
  <testcase name="Adding multiple employees #3" classname="Adding the employees in HRMS Application" time="9.958">
    <system-out><![CDATA[
@123 @test123
Scenario Outline: Adding multiple employees   # src/test/resources/features/AddEmployee.feature:32
  When user enters valid admin credentials    # steps.EmployeeSearchSteps.user_enters_valid_admin_credentials()
  And user clicks on login button             # steps.EmployeeSearchSteps.user_clicks_on_login_button()
  Then admin user is successfully logged in   # steps.LoginSteps.admin_user_is_successfully_logged_in()
  When user clicks on PIM option              # steps.AddEmployeeSteps.user_clicks_on_pim_option()
  And user clicks on add employee option      # steps.AddEmployeeSteps.user_clicks_on_add_employee_option()
  And user provides "tarik" "MS" and "mujeeb" # steps.AddEmployeeSteps.user_provides_and(java.lang.String,java.lang.String,java.lang.String)
  And user clicks on save button              # steps.AddEmployeeSteps.user_clicks_on_save_button()
Employee added
  Then employee added successfully            # steps.AddEmployeeSteps.employee_added_successfully()

    Embedding Adding multiple employees [image/png 319485 bytes]

]]></system-out>
    <system-err><![CDATA[Starting ChromeDriver 102.0.5005.61 (0e59bcc00cc4985ce39ad31c150065f159d95ad3-refs/branch-heads/5005@{#819}) on port 7603
Only local connections are allowed.
Please see https://chromedriver.chromium.org/security-considerations for suggestions on keeping ChromeDriver safe.
ChromeDriver was started successfully.
Jun 14, 2022 9:03:35 PM org.openqa.selenium.remote.ProtocolHandshake createSession
INFO: Detected dialect: W3C
]]></system-err>
  </testcase>
  <testcase name="Adding multiple employees #4" classname="Adding the employees in HRMS Application" time="15.755">
    <system-out><![CDATA[
@123 @test123
Scenario Outline: Adding multiple employees    # src/test/resources/features/AddEmployee.feature:33
  When user enters valid admin credentials     # steps.EmployeeSearchSteps.user_enters_valid_admin_credentials()
  And user clicks on login button              # steps.EmployeeSearchSteps.user_clicks_on_login_button()
  Then admin user is successfully logged in    # steps.LoginSteps.admin_user_is_successfully_logged_in()
  When user clicks on PIM option               # steps.AddEmployeeSteps.user_clicks_on_pim_option()
  And user clicks on add employee option       # steps.AddEmployeeSteps.user_clicks_on_add_employee_option()
  And user provides "nassir" "MS" and "volkan" # steps.AddEmployeeSteps.user_provides_and(java.lang.String,java.lang.String,java.lang.String)
  And user clicks on save button               # steps.AddEmployeeSteps.user_clicks_on_save_button()
Employee added
  Then employee added successfully             # steps.AddEmployeeSteps.employee_added_successfully()

    Embedding Adding multiple employees [image/png 301021 bytes]

]]></system-out>
    <system-err><![CDATA[Starting ChromeDriver 102.0.5005.61 (0e59bcc00cc4985ce39ad31c150065f159d95ad3-refs/branch-heads/5005@{#819}) on port 26234
Only local connections are allowed.
Please see https://chromedriver.chromium.org/security-considerations for suggestions on keeping ChromeDriver safe.
ChromeDriver was started successfully.
Jun 14, 2022 9:03:45 PM org.openqa.selenium.remote.ProtocolHandshake createSession
INFO: Detected dialect: W3C
]]></system-err>
  </testcase>
</testsuite>